#
# There is insufficient memory for the Java Runtime Environment to continue.
# Native memory allocation (mmap) failed to map 264241152 bytes. Error detail: G1 virtual space
# Possible reasons:
#   The system is out of physical RAM or swap space
#   This process is running with CompressedOops enabled, and the Java Heap may be blocking the growth of the native heap
# Possible solutions:
#   Reduce memory load on the system
#   Increase physical memory or swap space
#   Check if swap backing store is full
#   Decrease Java heap size (-Xmx/-Xms)
#   Decrease number of Java threads
#   Decrease Java thread stack sizes (-Xss)
#   Set larger code cache with -XX:ReservedCodeCacheSize=
#   JVM is running with Zero Based Compressed Oops mode in which the Java heap is
#     placed in the first 32GB address space. The Java Heap base address is the
#     maximum limit for the native heap growth. Please use -XX:HeapBaseMinAddress
#     to set the Java Heap base and to place the Java Heap above 32GB virtual address.
# This output file may be truncated or incomplete.
#
#  Out of Memory Error (os_windows.cpp:3703), pid=23184, tid=22316
#
# JRE version:  (23.0.1+11) (build )
# Java VM: OpenJDK 64-Bit Server VM (23.0.1+11, mixed mode, sharing, tiered, compressed oops, compressed class ptrs, g1 gc, windows-amd64)
# No core dump will be written. Minidumps are not enabled by default on client versions of Windows
#

---------------  S U M M A R Y ------------

Command Line: --module-path=C:\Users\ARUNA S\Downloads\openjfx-23.0.2_windows-x64_bin-sdk\javafx-sdk-23.0.2\lib --add-modules=javafx.controls,javafx.fxml -Dfile.encoding=UTF-8 -Dstdout.encoding=UTF-8 -Dstderr.encoding=UTF-8 --module-path=C:\Users\ARUNA S\eclipse-workspace\MyReceipe\bin;C:\Users\ARUNA S\.p2\pool\plugins\org.eclipse.fx.ide.css.jfx8_3.8.0.202204150904.jar;C:\Users\ARUNA S\Downloads\openjfx-23.0.2_windows-x64_bin-sdk\javafx-sdk-23.0.2\lib\javafx.graphics.jar;C:\Users\ARUNA S\Downloads\openjfx-23.0.2_windows-x64_bin-sdk\javafx-sdk-23.0.2\lib\javafx.media.jar;C:\Users\ARUNA S\Downloads\openjfx-23.0.2_windows-x64_bin-sdk\javafx-sdk-23.0.2\lib\javafx.swing.jar;C:\Users\ARUNA S\Downloads\openjfx-23.0.2_windows-x64_bin-sdk\javafx-sdk-23.0.2\lib\javafx.web.jar;C:\Users\ARUNA S\Downloads\openjfx-23.0.2_windows-x64_bin-sdk\javafx-sdk-23.0.2\lib\javafx.base.jar;C:\Users\ARUNA S\Downloads\openjfx-23.0.2_windows-x64_bin-sdk\javafx-sdk-23.0.2\lib\javafx.controls.jar;C:\Users\ARUNA S\Downloads\openjfx-23.0.2_windows-x64_bin-sdk\javafx-sdk-23.0.2\lib\javafx.fxml.jar;C:\Users\ARUNA S\Downloads\openjfx-23.0.2_windows-x64_bin-sdk\javafx-sdk-23.0.2\lib\javafx-swt.jar -Djdk.module.main=MyReceipe MyReceipe/application.Main

Host: 11th Gen Intel(R) Core(TM) i5-11300H @ 3.10GHz, 8 cores, 15G,  Windows 11 , 64 bit Build 26100 (10.0.26100.3323)
Time: Sat Mar 29 19:58:09 2025 Eastern Daylight Time elapsed time: 2.030481 seconds (0d 0h 0m 2s)

---------------  T H R E A D  ---------------

Current thread (0x000001e82ffc5ff0):  JavaThread "Unknown thread" [_thread_in_vm, id=22316, stack(0x000000864cd00000,0x000000864ce00000) (1024K)]

Stack: [0x000000864cd00000,0x000000864ce00000]
Native frames: (J=compiled Java code, j=interpreted, Vv=VM code, C=native code)
V  [jvm.dll+0x6e8c79]  (no source info available)
V  [jvm.dll+0x8d9253]  (no source info available)
V  [jvm.dll+0x8db6de]  (no source info available)
V  [jvm.dll+0x8dbdb3]  (no source info available)
V  [jvm.dll+0x281aa6]  (no source info available)
V  [jvm.dll+0x6e5575]  (no source info available)
V  [jvm.dll+0x6d958a]  (no source info available)
V  [jvm.dll+0x3625fa]  (no source info available)
V  [jvm.dll+0x36aa26]  (no source info available)
V  [jvm.dll+0x356fce]  (no source info available)
V  [jvm.dll+0x357268]  (no source info available)
V  [jvm.dll+0x32fbfc]  (no source info available)
V  [jvm.dll+0x33089e]  (no source info available)
V  [jvm.dll+0x89f955]  (no source info available)
V  [jvm.dll+0x3bfe88]  (no source info available)
V  [jvm.dll+0x88849c]  (no source info available)
V  [jvm.dll+0x45a16e]  (no source info available)
V  [jvm.dll+0x45bf81]  (no source info available)
C  [jli.dll+0x5278]  (no source info available)
C  [ucrtbase.dll+0x37b0]  (no source info available)
C  [KERNEL32.DLL+0x2e8d7]  (no source info available)
C  [ntdll.dll+0xbbf6c]  (no source info available)

Lock stack of current Java thread (top to bottom):


---------------  P R O C E S S  ---------------

Threads class SMR info:
_java_thread_list=0x00007ff86d988ad8, length=0, elements={
}

Java Threads: ( => current thread )
Total: 0

Other Threads:
  0x000001e8305923e0 WorkerThread "GC Thread#0"                     [id=31592, stack(0x000000864ce00000,0x000000864cf00000) (1024K)]
  0x000001e8305a6f30 ConcurrentGCThread "G1 Main Marker"            [id=33264, stack(0x000000864cf00000,0x000000864d000000) (1024K)]
  0x000001e8305a9100 WorkerThread "G1 Conc#0"                       [id=24304, stack(0x000000864d000000,0x000000864d100000) (1024K)]

[error occurred during error reporting (printing all threads), id 0xc0000005, EXCEPTION_ACCESS_VIOLATION (0xc0000005) at pc=0x00007ff86d06326a]
VM state: not at safepoint (not fully initialized)

VM Mutex/Monitor currently owned by a thread:  ([mutex/lock_event])
[0x00007ff86da0be70] Heap_lock - owner thread: 0x000001e82ffc5ff0

Heap address: 0x0000000704000000, size: 4032 MB, Compressed Oops mode: Zero based, Oop shift amount: 3

CDS archive(s) mapped at: [0x0000000000000000-0x0000000000000000-0x0000000000000000), size 0, SharedBaseAddress: 0x0000000800000000, ArchiveRelocationMode: 1.
Narrow klass base: 0x0000000000000000, Narrow klass shift: 0, Narrow klass range: 0x0

GC Precious Log:
 CardTable entry size: 512
 Card Set container configuration: InlinePtr #cards 4 size 8 Array Of Cards #cards 16 size 48 Howl #buckets 8 coarsen threshold 3686 Howl Bitmap #cards 512 size 80 coarsen threshold 460 Card regions per heap region 1 cards per card region 4096

Heap:
 garbage-first heap   total reserved 4128768K, committed 0K, used 0K [0x0000000704000000, 0x0000000800000000)
  region size 2048K, 0 young (0K), 0 survivors (0K)

[error occurred during error reporting (printing heap information), id 0xc0000005, EXCEPTION_ACCESS_VIOLATION (0xc0000005) at pc=0x00007ff86d4651f9]
GC Heap History (0 events):
No events

Dll operation events (1 events):
Event: 0.025 Loaded shared library C:\Users\ARUNA S\.p2\pool\plugins\org.eclipse.justj.openjdk.hotspot.jre.full.win32.x86_64_23.0.1.v20241024-1700\jre\bin\java.dll

Deoptimization events (0 events):
No events

Classes loaded (0 events):
No events

Classes unloaded (0 events):
No events

Classes redefined (0 events):
No events

Internal exceptions (0 events):
No events

VM Operations (0 events):
No events

Memory protections (0 events):
No events

Nmethod flushes (0 events):
No events

Events (0 events):
No events


Dynamic libraries:
0x00007ff61c4c0000 - 0x00007ff61c4ce000 	C:\Users\ARUNA S\.p2\pool\plugins\org.eclipse.justj.openjdk.hotspot.jre.full.win32.x86_64_23.0.1.v20241024-1700\jre\bin\javaw.exe
0x00007ff964280000 - 0x00007ff9644e3000 	C:\WINDOWS\SYSTEM32\ntdll.dll
0x00007ff963b30000 - 0x00007ff963bf7000 	C:\WINDOWS\System32\KERNEL32.DLL
0x00007ff9619b0000 - 0x00007ff961d79000 	C:\WINDOWS\System32\KERNELBASE.dll
0x00007ff93eea0000 - 0x00007ff93ef7c000 	C:\Program Files\Bitdefender\Bitdefender Security\bdhkm\dlls_267567815791800685\bdhkm64.dll
0x00007ff93ecd0000 - 0x00007ff93ee95000 	C:\Program Files\Bitdefender\Bitdefender Security\atcuf\dlls_267673641727572903\atcuf64.dll
0x00007ff961860000 - 0x00007ff9619ac000 	C:\WINDOWS\System32\ucrtbase.dll
0x00007ff93f4d0000 - 0x00007ff93f4e7000 	C:\Users\ARUNA S\.p2\pool\plugins\org.eclipse.justj.openjdk.hotspot.jre.full.win32.x86_64_23.0.1.v20241024-1700\jre\bin\jli.dll
0x00007ff962e40000 - 0x00007ff96300a000 	C:\WINDOWS\System32\USER32.dll
0x00007ff961f00000 - 0x00007ff961f27000 	C:\WINDOWS\System32\win32u.dll
0x00007ff9620a0000 - 0x00007ff9620ca000 	C:\WINDOWS\System32\GDI32.dll
0x00007ff961720000 - 0x00007ff961851000 	C:\WINDOWS\System32\gdi32full.dll
0x00007ff961540000 - 0x00007ff9615e3000 	C:\WINDOWS\System32\msvcp_win.dll
0x00007ff93f230000 - 0x00007ff93f24e000 	C:\Users\ARUNA S\.p2\pool\plugins\org.eclipse.justj.openjdk.hotspot.jre.full.win32.x86_64_23.0.1.v20241024-1700\jre\bin\VCRUNTIME140.dll
0x00007ff92ca50000 - 0x00007ff92cce0000 	C:\WINDOWS\WinSxS\amd64_microsoft.windows.common-controls_6595b64144ccf1df_6.0.26100.3323_none_3e088096e3344490\COMCTL32.dll
0x00007ff9620d0000 - 0x00007ff962179000 	C:\WINDOWS\System32\msvcrt.dll
0x00007ff963880000 - 0x00007ff9638af000 	C:\WINDOWS\System32\IMM32.DLL
0x00007ff941b50000 - 0x00007ff941b5c000 	C:\Users\ARUNA S\.p2\pool\plugins\org.eclipse.justj.openjdk.hotspot.jre.full.win32.x86_64_23.0.1.v20241024-1700\jre\bin\vcruntime140_1.dll
0x00007ff905690000 - 0x00007ff90571d000 	C:\Users\ARUNA S\.p2\pool\plugins\org.eclipse.justj.openjdk.hotspot.jre.full.win32.x86_64_23.0.1.v20241024-1700\jre\bin\msvcp140.dll
0x00007ff86cd20000 - 0x00007ff86daed000 	C:\Users\ARUNA S\.p2\pool\plugins\org.eclipse.justj.openjdk.hotspot.jre.full.win32.x86_64_23.0.1.v20241024-1700\jre\bin\server\jvm.dll
0x00007ff9639e0000 - 0x00007ff963a92000 	C:\WINDOWS\System32\ADVAPI32.dll
0x00007ff9622e0000 - 0x00007ff962386000 	C:\WINDOWS\System32\sechost.dll
0x00007ff962cc0000 - 0x00007ff962dd6000 	C:\WINDOWS\System32\RPCRT4.dll
0x00007ff963c20000 - 0x00007ff963c94000 	C:\WINDOWS\System32\WS2_32.dll
0x00007ff9600f0000 - 0x00007ff96013e000 	C:\WINDOWS\SYSTEM32\POWRPROF.dll
0x00007ff95b890000 - 0x00007ff95b8c6000 	C:\WINDOWS\SYSTEM32\WINMM.dll
0x00007ff9556c0000 - 0x00007ff9556cb000 	C:\WINDOWS\SYSTEM32\VERSION.dll
0x00007ff9600d0000 - 0x00007ff9600e4000 	C:\WINDOWS\SYSTEM32\UMPDC.dll
0x00007ff960390000 - 0x00007ff9603aa000 	C:\WINDOWS\SYSTEM32\kernel.appcore.dll
0x00007ff956e80000 - 0x00007ff956e8a000 	C:\Users\ARUNA S\.p2\pool\plugins\org.eclipse.justj.openjdk.hotspot.jre.full.win32.x86_64_23.0.1.v20241024-1700\jre\bin\jimage.dll
0x00007ff95ed70000 - 0x00007ff95efb1000 	C:\WINDOWS\SYSTEM32\DBGHELP.DLL
0x00007ff963d50000 - 0x00007ff9640d2000 	C:\WINDOWS\System32\combase.dll
0x00007ff962200000 - 0x00007ff9622d6000 	C:\WINDOWS\System32\OLEAUT32.dll
0x00007ff95b850000 - 0x00007ff95b889000 	C:\WINDOWS\SYSTEM32\dbgcore.DLL
0x00007ff9615f0000 - 0x00007ff961689000 	C:\WINDOWS\System32\bcryptPrimitives.dll
0x00007ff930190000 - 0x00007ff9301ae000 	C:\Users\ARUNA S\.p2\pool\plugins\org.eclipse.justj.openjdk.hotspot.jre.full.win32.x86_64_23.0.1.v20241024-1700\jre\bin\java.dll
0x00007ff963600000 - 0x00007ff963795000 	C:\WINDOWS\System32\ole32.dll
0x00007ff9625a0000 - 0x00007ff962cb5000 	C:\WINDOWS\System32\SHELL32.dll
0x00007ff961f30000 - 0x00007ff962098000 	C:\WINDOWS\System32\wintypes.dll

dbghelp: loaded successfully - version: 4.0.5 - missing functions: none
symbol engine: initialized successfully - sym options: 0x614 - pdb path: .;C:\Users\ARUNA S\.p2\pool\plugins\org.eclipse.justj.openjdk.hotspot.jre.full.win32.x86_64_23.0.1.v20241024-1700\jre\bin;C:\WINDOWS\SYSTEM32;C:\Program Files\Bitdefender\Bitdefender Security\bdhkm\dlls_267567815791800685;C:\Program Files\Bitdefender\Bitdefender Security\atcuf\dlls_267673641727572903;C:\WINDOWS\WinSxS\amd64_microsoft.windows.common-controls_6595b64144ccf1df_6.0.26100.3323_none_3e088096e3344490;C:\Users\ARUNA S\.p2\pool\plugins\org.eclipse.justj.openjdk.hotspot.jre.full.win32.x86_64_23.0.1.v20241024-1700\jre\bin\server

VM Arguments:
jvm_args: --module-path=C:\Users\ARUNA S\Downloads\openjfx-23.0.2_windows-x64_bin-sdk\javafx-sdk-23.0.2\lib --add-modules=javafx.controls,javafx.fxml -Dfile.encoding=UTF-8 -Dstdout.encoding=UTF-8 -Dstderr.encoding=UTF-8 --module-path=C:\Users\ARUNA S\eclipse-workspace\MyReceipe\bin;C:\Users\ARUNA S\.p2\pool\plugins\org.eclipse.fx.ide.css.jfx8_3.8.0.202204150904.jar;C:\Users\ARUNA S\Downloads\openjfx-23.0.2_windows-x64_bin-sdk\javafx-sdk-23.0.2\lib\javafx.graphics.jar;C:\Users\ARUNA S\Downloads\openjfx-23.0.2_windows-x64_bin-sdk\javafx-sdk-23.0.2\lib\javafx.media.jar;C:\Users\ARUNA S\Downloads\openjfx-23.0.2_windows-x64_bin-sdk\javafx-sdk-23.0.2\lib\javafx.swing.jar;C:\Users\ARUNA S\Downloads\openjfx-23.0.2_windows-x64_bin-sdk\javafx-sdk-23.0.2\lib\javafx.web.jar;C:\Users\ARUNA S\Downloads\openjfx-23.0.2_windows-x64_bin-sdk\javafx-sdk-23.0.2\lib\javafx.base.jar;C:\Users\ARUNA S\Downloads\openjfx-23.0.2_windows-x64_bin-sdk\javafx-sdk-23.0.2\lib\javafx.controls.jar;C:\Users\ARUNA S\Downloads\openjfx-23.0.2_windows-x64_bin-sdk\javafx-sdk-23.0.2\lib\javafx.fxml.jar;C:\Users\ARUNA S\Downloads\openjfx-23.0.2_windows-x64_bin-sdk\javafx-sdk-23.0.2\lib\javafx-swt.jar -Djdk.module.main=MyReceipe 
java_command: MyReceipe/application.Main
java_class_path (initial): <not set>
Launcher Type: SUN_STANDARD

[Global flags]
     intx CICompilerCount                          = 4                                         {product} {ergonomic}
     uint ConcGCThreads                            = 2                                         {product} {ergonomic}
     uint G1ConcRefinementThreads                  = 8                                         {product} {ergonomic}
   size_t G1HeapRegionSize                         = 2097152                                   {product} {ergonomic}
   size_t InitialHeapSize                          = 264241152                                 {product} {ergonomic}
   size_t MarkStackSize                            = 4194304                                   {product} {ergonomic}
   size_t MarkStackSizeMax                         = 536870912                                 {product} {ergonomic}
   size_t MaxHeapSize                              = 4227858432                                {product} {ergonomic}
   size_t MinHeapDeltaBytes                        = 2097152                                   {product} {ergonomic}
   size_t MinHeapSize                              = 8388608                                   {product} {ergonomic}
    uintx NonNMethodCodeHeapSize                   = 5832704                                {pd product} {ergonomic}
    uintx NonProfiledCodeHeapSize                  = 122945536                              {pd product} {ergonomic}
    uintx ProfiledCodeHeapSize                     = 122880000                              {pd product} {ergonomic}
    uintx ReservedCodeCacheSize                    = 251658240                              {pd product} {ergonomic}
     bool SegmentedCodeCache                       = true                                      {product} {ergonomic}
   size_t SoftMaxHeapSize                          = 4227858432                             {manageable} {ergonomic}
     bool UseCompressedOops                        = true                           {product lp64_product} {ergonomic}
     bool UseG1GC                                  = true                                      {product} {ergonomic}
     bool UseLargePagesIndividualAllocation        = false                                  {pd product} {ergonomic}

Logging:
Log output configuration:
 #0: stdout all=warning uptime,level,tags foldmultilines=false
 #1: stderr all=off uptime,level,tags foldmultilines=false

Environment Variables:
PATH=C:/Users/ARUNA S/.p2/pool/plugins/org.eclipse.justj.openjdk.hotspot.jre.full.win32.x86_64_23.0.1.v20241024-1700/jre/bin/server;C:/Users/ARUNA S/.p2/pool/plugins/org.eclipse.justj.openjdk.hotspot.jre.full.win32.x86_64_23.0.1.v20241024-1700/jre/bin;C:\Program Files\Common Files\Oracle\Java\javapath;C:\Program Files (x86)\Common Files\Oracle\Java\javapath;C:\WINDOWS\system32;C:\WINDOWS;C:\WINDOWS\System32\Wbem;C:\WINDOWS\System32\WindowsPowerShell\v1.0\;C:\WINDOWS\System32\OpenSSH\;C:\Program Files\Microsoft SQL Server\Client SDK\ODBC\170\Tools\Binn\;C:\Program Files (x86)\Microsoft SQL Server\150\Tools\Binn\;C:\Program Files\Microsoft SQL Server\150\Tools\Binn\;C:\Program Files\Microsoft SQL Server\150\DTS\Binn\;C:\Program Files (x86)\Microsoft SQL Server\150\DTS\Binn\;C:\Program Files\Azure Data Studio\bin;D:\flutter\flutter\bin;C:\Program Files\dotnet\;C:\Program Files\Git\cmd;C:\Program Files\nodejs\;C:\Program Files\apache-maven-3.9.9\bin;;C:\Program Files\Docker\Docker\resources\bin;C:\Program Files\Amazon\AWSCLIV2\;C:\Users\ARUNA S\AppData\Local\Programs\Python\Python310\Scripts\;C:\Users\ARUNA S\AppData\Local\Programs\Python\Python310\;C:\Program Files\MySQL\MySQL Shell 8.0\bin\;C:\Users\ARUNA S\AppData\Local\Microsoft\WindowsApps;C:\Users\ARUNA S\AppData\Local\Programs\Microsoft VS Code\bin;C:\Program Files\JetBrains\IntelliJ IDEA Community Edition 2021.1.2\bin;;C:\Program Files\Azure Data Studio\bin;C:\Program Files (x86)\Nmap;C:\Program Files\sfdx\bin;C:\Users\ARUNA S\AppData\Local\GitHubDesktop\bin;C:\Users\ARUNA S\AppData\Roaming\npm;C:\WINDOWS\system32;
USERNAME=ARUNA S
OS=Windows_NT
PROCESSOR_IDENTIFIER=Intel64 Family 6 Model 140 Stepping 1, GenuineIntel
TMP=C:\Users\ARUNA S\AppData\Local\Temp
TEMP=C:\Users\ARUNA S\AppData\Local\Temp




Periodic native trim disabled

---------------  S Y S T E M  ---------------

OS:
 Windows 11 , 64 bit Build 26100 (10.0.26100.3323)
OS uptime: 4 days 12:59 hours
Hyper-V role detected

CPU: total 8 (initial active 8) (4 cores per cpu, 2 threads per core) family 6 model 140 stepping 1 microcode 0xa4, cx8, cmov, fxsr, ht, mmx, 3dnowpref, sse, sse2, sse3, ssse3, sse4.1, sse4.2, popcnt, lzcnt, tsc, tscinvbit, avx, avx2, aes, erms, clmul, bmi1, bmi2, adx, avx512f, avx512dq, avx512cd, avx512bw, avx512vl, sha, fma, vzeroupper, avx512_vpopcntdq, avx512_vpclmulqdq, avx512_vaes, avx512_vnni, clflush, clflushopt, clwb, avx512_vbmi2, avx512_vbmi, hv, rdtscp, rdpid, fsrm, gfni, avx512_bitalg, f16c, cet_ibt, cet_ss, avx512_ifma
Processor Information for the first 8 processors :
  Max Mhz: 2611, Current Mhz: 2611, Mhz Limit: 2611

Memory: 4k page, system-wide physical 16122M (2154M free)
TotalPageFile size 32372M (AvailPageFile size 172M)
current process WorkingSet (physical memory assigned to process): 16M, peak: 16M
current process commit charge ("private bytes"): 63M, peak: 315M

vm_info: OpenJDK 64-Bit Server VM (23.0.1+11) for windows-amd64 JRE (23.0.1+11), built on 2024-10-15T00:00:00Z with MS VC++ 17.7 (VS2022)

END.
