#
# There is insufficient memory for the Java Runtime Environment to continue.
# Native memory allocation (malloc) failed to allocate 1641776 bytes. Error detail: Chunk::new
# Possible reasons:
#   The system is out of physical RAM or swap space
#   This process is running with CompressedOops enabled, and the Java Heap may be blocking the growth of the native heap
# Possible solutions:
#   Reduce memory load on the system
#   Increase physical memory or swap space
#   Check if swap backing store is full
#   Decrease Java heap size (-Xmx/-Xms)
#   Decrease number of Java threads
#   Decrease Java thread stack sizes (-Xss)
#   Set larger code cache with -XX:ReservedCodeCacheSize=
#   JVM is running with Zero Based Compressed Oops mode in which the Java heap is
#     placed in the first 32GB address space. The Java Heap base address is the
#     maximum limit for the native heap growth. Please use -XX:HeapBaseMinAddress
#     to set the Java Heap base and to place the Java Heap above 32GB virtual address.
# This output file may be truncated or incomplete.
#
#  Out of Memory Error (arena.cpp:149), pid=27084, tid=31116
#
# JRE version: OpenJDK Runtime Environment Temurin-23.0.1+11 (23.0.1+11) (build 23.0.1+11)
# Java VM: OpenJDK 64-Bit Server VM Temurin-23.0.1+11 (23.0.1+11, mixed mode, sharing, tiered, compressed oops, compressed class ptrs, g1 gc, windows-amd64)
# No core dump will be written. Minidumps are not enabled by default on client versions of Windows
#

---------------  S U M M A R Y ------------

Command Line: --module-path=C:\Users\ARUNA S\Downloads\openjfx-23.0.2_windows-x64_bin-sdk\javafx-sdk-23.0.2\lib --add-modules=javafx.controls,javafx.fxml -Dfile.encoding=UTF-8 -Dstdout.encoding=UTF-8 -Dstderr.encoding=UTF-8 --module-path=C:\Users\ARUNA S\eclipse-workspace\MyReceipe\bin;C:\Users\ARUNA S\.p2\pool\plugins\org.eclipse.fx.ide.css.jfx8_3.8.0.202204150904.jar;C:\Users\ARUNA S\Downloads\openjfx-23.0.2_windows-x64_bin-sdk\javafx-sdk-23.0.2\lib\javafx.graphics.jar;C:\Users\ARUNA S\Downloads\openjfx-23.0.2_windows-x64_bin-sdk\javafx-sdk-23.0.2\lib\javafx.media.jar;C:\Users\ARUNA S\Downloads\openjfx-23.0.2_windows-x64_bin-sdk\javafx-sdk-23.0.2\lib\javafx.swing.jar;C:\Users\ARUNA S\Downloads\openjfx-23.0.2_windows-x64_bin-sdk\javafx-sdk-23.0.2\lib\javafx.web.jar;C:\Users\ARUNA S\Downloads\openjfx-23.0.2_windows-x64_bin-sdk\javafx-sdk-23.0.2\lib\javafx.base.jar;C:\Users\ARUNA S\Downloads\openjfx-23.0.2_windows-x64_bin-sdk\javafx-sdk-23.0.2\lib\javafx.controls.jar;C:\Users\ARUNA S\Downloads\openjfx-23.0.2_windows-x64_bin-sdk\javafx-sdk-23.0.2\lib\javafx.fxml.jar;C:\Users\ARUNA S\Downloads\openjfx-23.0.2_windows-x64_bin-sdk\javafx-sdk-23.0.2\lib\javafx-swt.jar -Djdk.module.main=MyReceipe MyReceipe/application.Main

Host: 11th Gen Intel(R) Core(TM) i5-11300H @ 3.10GHz, 8 cores, 15G,  Windows 11 , 64 bit Build 26100 (10.0.26100.3323)
Time: Sat Mar 29 20:00:20 2025 Eastern Daylight Time elapsed time: 12.730368 seconds (0d 0h 0m 12s)

---------------  T H R E A D  ---------------

Current thread (0x00000245c504be10):  JavaThread "C2 CompilerThread0" daemon [_thread_in_native, id=31116, stack(0x00000067d5c00000,0x00000067d5d00000) (1024K)]


Current CompileTask:
C2:12730  352       4       java.util.stream.ReferencePipeline$3$1::accept (23 bytes)

Stack: [0x00000067d5c00000,0x00000067d5d00000]
Native frames: (J=compiled Java code, j=interpreted, Vv=VM code, C=native code)
V  [jvm.dll+0x6e8c79]  (no source info available)
V  [jvm.dll+0x8d9253]  (no source info available)
V  [jvm.dll+0x8db6de]  (no source info available)
V  [jvm.dll+0x8dbdb3]  (no source info available)
V  [jvm.dll+0x281aa6]  (no source info available)
V  [jvm.dll+0xbbb0f]  (no source info available)
V  [jvm.dll+0xbbd6b]  (no source info available)
V  [jvm.dll+0x3b9e92]  (no source info available)
V  [jvm.dll+0x3905eb]  (no source info available)
V  [jvm.dll+0x38fa4a]  (no source info available)
V  [jvm.dll+0x24ace1]  (no source info available)
V  [jvm.dll+0x24a03f]  (no source info available)
V  [jvm.dll+0x1c8ea0]  (no source info available)
V  [jvm.dll+0x25a13e]  (no source info available)
V  [jvm.dll+0x25840a]  (no source info available)
V  [jvm.dll+0x3f4706]  (no source info available)
V  [jvm.dll+0x8802ab]  (no source info available)
V  [jvm.dll+0x6e7485]  (no source info available)
C  [ucrtbase.dll+0x37b0]  (no source info available)
C  [KERNEL32.DLL+0x2e8d7]  (no source info available)
C  [ntdll.dll+0xbbf6c]  (no source info available)

Lock stack of current Java thread (top to bottom):


---------------  P R O C E S S  ---------------

Threads class SMR info:
_java_thread_list=0x00000245c6d73170, length=12, elements={
0x00000245cfb25ff0, 0x00000245c501bc70, 0x00000245c501c7d0, 0x00000245c501fcb0,
0x00000245c5021a10, 0x00000245c50237b0, 0x00000245c50290a0, 0x00000245c504be10,
0x00000245c504f620, 0x00000245c5140ed0, 0x00000245c517b2c0, 0x00000245c5f62ab0
}

Java Threads: ( => current thread )
  0x00000245cfb25ff0 JavaThread "main"                              [_thread_in_native, id=21388, stack(0x00000067d4e00000,0x00000067d4f00000) (1024K)]
  0x00000245c501bc70 JavaThread "Reference Handler"          daemon [_thread_blocked, id=6808, stack(0x00000067d5600000,0x00000067d5700000) (1024K)]
  0x00000245c501c7d0 JavaThread "Finalizer"                  daemon [_thread_blocked, id=30696, stack(0x00000067d5700000,0x00000067d5800000) (1024K)]
  0x00000245c501fcb0 JavaThread "Signal Dispatcher"          daemon [_thread_blocked, id=13564, stack(0x00000067d5800000,0x00000067d5900000) (1024K)]
  0x00000245c5021a10 JavaThread "Attach Listener"            daemon [_thread_blocked, id=4504, stack(0x00000067d5900000,0x00000067d5a00000) (1024K)]
  0x00000245c50237b0 JavaThread "Service Thread"             daemon [_thread_blocked, id=26700, stack(0x00000067d5a00000,0x00000067d5b00000) (1024K)]
  0x00000245c50290a0 JavaThread "Monitor Deflation Thread"   daemon [_thread_blocked, id=12564, stack(0x00000067d5b00000,0x00000067d5c00000) (1024K)]
=>0x00000245c504be10 JavaThread "C2 CompilerThread0"         daemon [_thread_in_native, id=31116, stack(0x00000067d5c00000,0x00000067d5d00000) (1024K)]
  0x00000245c504f620 JavaThread "C1 CompilerThread0"         daemon [_thread_blocked, id=25288, stack(0x00000067d5d00000,0x00000067d5e00000) (1024K)]
  0x00000245c5140ed0 JavaThread "Common-Cleaner"             daemon [_thread_blocked, id=8772, stack(0x00000067d5e00000,0x00000067d5f00000) (1024K)]
  0x00000245c517b2c0 JavaThread "C2 CompilerThread1"         daemon [_thread_blocked, id=20152, stack(0x00000067d5f00000,0x00000067d6000000) (1024K)]
  0x00000245c5f62ab0 JavaThread "Notification Thread"        daemon [_thread_blocked, id=11440, stack(0x00000067d6100000,0x00000067d6200000) (1024K)]
Total: 12

Other Threads:
  0x00000245eae701d0 VMThread "VM Thread"                           [id=9376, stack(0x00000067d5500000,0x00000067d5600000) (1024K)]
  0x00000245eae5b7d0 WatcherThread "VM Periodic Task Thread"        [id=33788, stack(0x00000067d5400000,0x00000067d5500000) (1024K)]
  0x00000245d2c523e0 WorkerThread "GC Thread#0"                     [id=9140, stack(0x00000067d4f00000,0x00000067d5000000) (1024K)]
  0x00000245eacc27b0 ConcurrentGCThread "G1 Main Marker"            [id=31172, stack(0x00000067d5000000,0x00000067d5100000) (1024K)]
  0x00000245eacc3160 WorkerThread "G1 Conc#0"                       [id=22880, stack(0x00000067d5100000,0x00000067d5200000) (1024K)]
  0x00000245ead2ad50 ConcurrentGCThread "G1 Refine#0"               [id=2488, stack(0x00000067d5200000,0x00000067d5300000) (1024K)]
  0x00000245ead2b580 ConcurrentGCThread "G1 Service"                [id=10484, stack(0x00000067d5300000,0x00000067d5400000) (1024K)]
Total: 7

Threads with active compile tasks:
C2 CompilerThread0  12819  352       4       java.util.stream.ReferencePipeline$3$1::accept (23 bytes)
Total: 1

VM state: not at safepoint (normal execution)

VM Mutex/Monitor currently owned by a thread: None

Heap address: 0x0000000704000000, size: 4032 MB, Compressed Oops mode: Zero based, Oop shift amount: 3

CDS archive(s) mapped at: [0x0000024580000000-0x0000024580d70000-0x0000024580d70000), size 14090240, SharedBaseAddress: 0x0000024580000000, ArchiveRelocationMode: 1.
Compressed class space mapped at: 0x0000024581000000-0x00000245c1000000, reserved size: 1073741824
Narrow klass base: 0x0000024580000000, Narrow klass shift: 0, Narrow klass range: 0x41000000

GC Precious Log:
 CardTable entry size: 512
 Card Set container configuration: InlinePtr #cards 4 size 8 Array Of Cards #cards 16 size 48 Howl #buckets 8 coarsen threshold 3686 Howl Bitmap #cards 512 size 80 coarsen threshold 460 Card regions per heap region 1 cards per card region 4096
 CPUs: 8 total, 8 available
 Memory: 16122M
 Large Page Support: Disabled
 NUMA Support: Disabled
 Compressed Oops: Enabled (Zero based)
 Heap Region Size: 2M
 Heap Min Capacity: 8M
 Heap Initial Capacity: 252M
 Heap Max Capacity: 4032M
 Pre-touch: Disabled
 Parallel Workers: 8
 Concurrent Workers: 2
 Concurrent Refinement Workers: 8
 Periodic GC: Disabled

Heap:
 garbage-first heap   total reserved 4128768K, committed 258048K, used 10240K [0x0000000704000000, 0x0000000800000000)
  region size 2048K, 6 young (12288K), 0 survivors (0K)
 Metaspace       used 1705K, committed 1856K, reserved 1114112K
  class space    used 185K, committed 256K, reserved 1048576K

Heap Regions: E=young(eden), S=young(survivor), O=old, HS=humongous(starts), HC=humongous(continues), CS=collection set, F=free, TAMS=top-at-mark-start, PB=parsable bottom
|   0|0x0000000704000000, 0x0000000704000000, 0x0000000704200000|  0%| F|  |TAMS 0x0000000704000000| PB 0x0000000704000000| Untracked |  0
|   1|0x0000000704200000, 0x0000000704200000, 0x0000000704400000|  0%| F|  |TAMS 0x0000000704200000| PB 0x0000000704200000| Untracked |  0
|   2|0x0000000704400000, 0x0000000704400000, 0x0000000704600000|  0%| F|  |TAMS 0x0000000704400000| PB 0x0000000704400000| Untracked |  0
|   3|0x0000000704600000, 0x0000000704600000, 0x0000000704800000|  0%| F|  |TAMS 0x0000000704600000| PB 0x0000000704600000| Untracked |  0
|   4|0x0000000704800000, 0x0000000704800000, 0x0000000704a00000|  0%| F|  |TAMS 0x0000000704800000| PB 0x0000000704800000| Untracked |  0
|   5|0x0000000704a00000, 0x0000000704a00000, 0x0000000704c00000|  0%| F|  |TAMS 0x0000000704a00000| PB 0x0000000704a00000| Untracked |  0
|   6|0x0000000704c00000, 0x0000000704c00000, 0x0000000704e00000|  0%| F|  |TAMS 0x0000000704c00000| PB 0x0000000704c00000| Untracked |  0
|   7|0x0000000704e00000, 0x0000000704e00000, 0x0000000705000000|  0%| F|  |TAMS 0x0000000704e00000| PB 0x0000000704e00000| Untracked |  0
|   8|0x0000000705000000, 0x0000000705000000, 0x0000000705200000|  0%| F|  |TAMS 0x0000000705000000| PB 0x0000000705000000| Untracked |  0
|   9|0x0000000705200000, 0x0000000705200000, 0x0000000705400000|  0%| F|  |TAMS 0x0000000705200000| PB 0x0000000705200000| Untracked |  0
|  10|0x0000000705400000, 0x0000000705400000, 0x0000000705600000|  0%| F|  |TAMS 0x0000000705400000| PB 0x0000000705400000| Untracked |  0
|  11|0x0000000705600000, 0x0000000705600000, 0x0000000705800000|  0%| F|  |TAMS 0x0000000705600000| PB 0x0000000705600000| Untracked |  0
|  12|0x0000000705800000, 0x0000000705800000, 0x0000000705a00000|  0%| F|  |TAMS 0x0000000705800000| PB 0x0000000705800000| Untracked |  0
|  13|0x0000000705a00000, 0x0000000705a00000, 0x0000000705c00000|  0%| F|  |TAMS 0x0000000705a00000| PB 0x0000000705a00000| Untracked |  0
|  14|0x0000000705c00000, 0x0000000705c00000, 0x0000000705e00000|  0%| F|  |TAMS 0x0000000705c00000| PB 0x0000000705c00000| Untracked |  0
|  15|0x0000000705e00000, 0x0000000705e00000, 0x0000000706000000|  0%| F|  |TAMS 0x0000000705e00000| PB 0x0000000705e00000| Untracked |  0
|  16|0x0000000706000000, 0x0000000706000000, 0x0000000706200000|  0%| F|  |TAMS 0x0000000706000000| PB 0x0000000706000000| Untracked |  0
|  17|0x0000000706200000, 0x0000000706200000, 0x0000000706400000|  0%| F|  |TAMS 0x0000000706200000| PB 0x0000000706200000| Untracked |  0
|  18|0x0000000706400000, 0x0000000706400000, 0x0000000706600000|  0%| F|  |TAMS 0x0000000706400000| PB 0x0000000706400000| Untracked |  0
|  19|0x0000000706600000, 0x0000000706600000, 0x0000000706800000|  0%| F|  |TAMS 0x0000000706600000| PB 0x0000000706600000| Untracked |  0
|  20|0x0000000706800000, 0x0000000706800000, 0x0000000706a00000|  0%| F|  |TAMS 0x0000000706800000| PB 0x0000000706800000| Untracked |  0
|  21|0x0000000706a00000, 0x0000000706a00000, 0x0000000706c00000|  0%| F|  |TAMS 0x0000000706a00000| PB 0x0000000706a00000| Untracked |  0
|  22|0x0000000706c00000, 0x0000000706c00000, 0x0000000706e00000|  0%| F|  |TAMS 0x0000000706c00000| PB 0x0000000706c00000| Untracked |  0
|  23|0x0000000706e00000, 0x0000000706e00000, 0x0000000707000000|  0%| F|  |TAMS 0x0000000706e00000| PB 0x0000000706e00000| Untracked |  0
|  24|0x0000000707000000, 0x0000000707000000, 0x0000000707200000|  0%| F|  |TAMS 0x0000000707000000| PB 0x0000000707000000| Untracked |  0
|  25|0x0000000707200000, 0x0000000707200000, 0x0000000707400000|  0%| F|  |TAMS 0x0000000707200000| PB 0x0000000707200000| Untracked |  0
|  26|0x0000000707400000, 0x0000000707400000, 0x0000000707600000|  0%| F|  |TAMS 0x0000000707400000| PB 0x0000000707400000| Untracked |  0
|  27|0x0000000707600000, 0x0000000707600000, 0x0000000707800000|  0%| F|  |TAMS 0x0000000707600000| PB 0x0000000707600000| Untracked |  0
|  28|0x0000000707800000, 0x0000000707800000, 0x0000000707a00000|  0%| F|  |TAMS 0x0000000707800000| PB 0x0000000707800000| Untracked |  0
|  29|0x0000000707a00000, 0x0000000707a00000, 0x0000000707c00000|  0%| F|  |TAMS 0x0000000707a00000| PB 0x0000000707a00000| Untracked |  0
|  30|0x0000000707c00000, 0x0000000707c00000, 0x0000000707e00000|  0%| F|  |TAMS 0x0000000707c00000| PB 0x0000000707c00000| Untracked |  0
|  31|0x0000000707e00000, 0x0000000707e00000, 0x0000000708000000|  0%| F|  |TAMS 0x0000000707e00000| PB 0x0000000707e00000| Untracked |  0
|  32|0x0000000708000000, 0x0000000708000000, 0x0000000708200000|  0%| F|  |TAMS 0x0000000708000000| PB 0x0000000708000000| Untracked |  0
|  33|0x0000000708200000, 0x0000000708200000, 0x0000000708400000|  0%| F|  |TAMS 0x0000000708200000| PB 0x0000000708200000| Untracked |  0
|  34|0x0000000708400000, 0x0000000708400000, 0x0000000708600000|  0%| F|  |TAMS 0x0000000708400000| PB 0x0000000708400000| Untracked |  0
|  35|0x0000000708600000, 0x0000000708600000, 0x0000000708800000|  0%| F|  |TAMS 0x0000000708600000| PB 0x0000000708600000| Untracked |  0
|  36|0x0000000708800000, 0x0000000708800000, 0x0000000708a00000|  0%| F|  |TAMS 0x0000000708800000| PB 0x0000000708800000| Untracked |  0
|  37|0x0000000708a00000, 0x0000000708a00000, 0x0000000708c00000|  0%| F|  |TAMS 0x0000000708a00000| PB 0x0000000708a00000| Untracked |  0
|  38|0x0000000708c00000, 0x0000000708c00000, 0x0000000708e00000|  0%| F|  |TAMS 0x0000000708c00000| PB 0x0000000708c00000| Untracked |  0
|  39|0x0000000708e00000, 0x0000000708e00000, 0x0000000709000000|  0%| F|  |TAMS 0x0000000708e00000| PB 0x0000000708e00000| Untracked |  0
|  40|0x0000000709000000, 0x0000000709000000, 0x0000000709200000|  0%| F|  |TAMS 0x0000000709000000| PB 0x0000000709000000| Untracked |  0
|  41|0x0000000709200000, 0x0000000709200000, 0x0000000709400000|  0%| F|  |TAMS 0x0000000709200000| PB 0x0000000709200000| Untracked |  0
|  42|0x0000000709400000, 0x0000000709400000, 0x0000000709600000|  0%| F|  |TAMS 0x0000000709400000| PB 0x0000000709400000| Untracked |  0
|  43|0x0000000709600000, 0x0000000709600000, 0x0000000709800000|  0%| F|  |TAMS 0x0000000709600000| PB 0x0000000709600000| Untracked |  0
|  44|0x0000000709800000, 0x0000000709800000, 0x0000000709a00000|  0%| F|  |TAMS 0x0000000709800000| PB 0x0000000709800000| Untracked |  0
|  45|0x0000000709a00000, 0x0000000709a00000, 0x0000000709c00000|  0%| F|  |TAMS 0x0000000709a00000| PB 0x0000000709a00000| Untracked |  0
|  46|0x0000000709c00000, 0x0000000709c00000, 0x0000000709e00000|  0%| F|  |TAMS 0x0000000709c00000| PB 0x0000000709c00000| Untracked |  0
|  47|0x0000000709e00000, 0x0000000709e00000, 0x000000070a000000|  0%| F|  |TAMS 0x0000000709e00000| PB 0x0000000709e00000| Untracked |  0
|  48|0x000000070a000000, 0x000000070a000000, 0x000000070a200000|  0%| F|  |TAMS 0x000000070a000000| PB 0x000000070a000000| Untracked |  0
|  49|0x000000070a200000, 0x000000070a200000, 0x000000070a400000|  0%| F|  |TAMS 0x000000070a200000| PB 0x000000070a200000| Untracked |  0
|  50|0x000000070a400000, 0x000000070a400000, 0x000000070a600000|  0%| F|  |TAMS 0x000000070a400000| PB 0x000000070a400000| Untracked |  0
|  51|0x000000070a600000, 0x000000070a600000, 0x000000070a800000|  0%| F|  |TAMS 0x000000070a600000| PB 0x000000070a600000| Untracked |  0
|  52|0x000000070a800000, 0x000000070a800000, 0x000000070aa00000|  0%| F|  |TAMS 0x000000070a800000| PB 0x000000070a800000| Untracked |  0
|  53|0x000000070aa00000, 0x000000070aa00000, 0x000000070ac00000|  0%| F|  |TAMS 0x000000070aa00000| PB 0x000000070aa00000| Untracked |  0
|  54|0x000000070ac00000, 0x000000070ac00000, 0x000000070ae00000|  0%| F|  |TAMS 0x000000070ac00000| PB 0x000000070ac00000| Untracked |  0
|  55|0x000000070ae00000, 0x000000070ae00000, 0x000000070b000000|  0%| F|  |TAMS 0x000000070ae00000| PB 0x000000070ae00000| Untracked |  0
|  56|0x000000070b000000, 0x000000070b000000, 0x000000070b200000|  0%| F|  |TAMS 0x000000070b000000| PB 0x000000070b000000| Untracked |  0
|  57|0x000000070b200000, 0x000000070b200000, 0x000000070b400000|  0%| F|  |TAMS 0x000000070b200000| PB 0x000000070b200000| Untracked |  0
|  58|0x000000070b400000, 0x000000070b400000, 0x000000070b600000|  0%| F|  |TAMS 0x000000070b400000| PB 0x000000070b400000| Untracked |  0
|  59|0x000000070b600000, 0x000000070b600000, 0x000000070b800000|  0%| F|  |TAMS 0x000000070b600000| PB 0x000000070b600000| Untracked |  0
|  60|0x000000070b800000, 0x000000070b800000, 0x000000070ba00000|  0%| F|  |TAMS 0x000000070b800000| PB 0x000000070b800000| Untracked |  0
|  61|0x000000070ba00000, 0x000000070ba00000, 0x000000070bc00000|  0%| F|  |TAMS 0x000000070ba00000| PB 0x000000070ba00000| Untracked |  0
|  62|0x000000070bc00000, 0x000000070bc00000, 0x000000070be00000|  0%| F|  |TAMS 0x000000070bc00000| PB 0x000000070bc00000| Untracked |  0
|  63|0x000000070be00000, 0x000000070be00000, 0x000000070c000000|  0%| F|  |TAMS 0x000000070be00000| PB 0x000000070be00000| Untracked |  0
|  64|0x000000070c000000, 0x000000070c000000, 0x000000070c200000|  0%| F|  |TAMS 0x000000070c000000| PB 0x000000070c000000| Untracked |  0
|  65|0x000000070c200000, 0x000000070c200000, 0x000000070c400000|  0%| F|  |TAMS 0x000000070c200000| PB 0x000000070c200000| Untracked |  0
|  66|0x000000070c400000, 0x000000070c400000, 0x000000070c600000|  0%| F|  |TAMS 0x000000070c400000| PB 0x000000070c400000| Untracked |  0
|  67|0x000000070c600000, 0x000000070c600000, 0x000000070c800000|  0%| F|  |TAMS 0x000000070c600000| PB 0x000000070c600000| Untracked |  0
|  68|0x000000070c800000, 0x000000070c800000, 0x000000070ca00000|  0%| F|  |TAMS 0x000000070c800000| PB 0x000000070c800000| Untracked |  0
|  69|0x000000070ca00000, 0x000000070ca00000, 0x000000070cc00000|  0%| F|  |TAMS 0x000000070ca00000| PB 0x000000070ca00000| Untracked |  0
|  70|0x000000070cc00000, 0x000000070cc00000, 0x000000070ce00000|  0%| F|  |TAMS 0x000000070cc00000| PB 0x000000070cc00000| Untracked |  0
|  71|0x000000070ce00000, 0x000000070ce00000, 0x000000070d000000|  0%| F|  |TAMS 0x000000070ce00000| PB 0x000000070ce00000| Untracked |  0
|  72|0x000000070d000000, 0x000000070d000000, 0x000000070d200000|  0%| F|  |TAMS 0x000000070d000000| PB 0x000000070d000000| Untracked |  0
|  73|0x000000070d200000, 0x000000070d200000, 0x000000070d400000|  0%| F|  |TAMS 0x000000070d200000| PB 0x000000070d200000| Untracked |  0
|  74|0x000000070d400000, 0x000000070d400000, 0x000000070d600000|  0%| F|  |TAMS 0x000000070d400000| PB 0x000000070d400000| Untracked |  0
|  75|0x000000070d600000, 0x000000070d600000, 0x000000070d800000|  0%| F|  |TAMS 0x000000070d600000| PB 0x000000070d600000| Untracked |  0
|  76|0x000000070d800000, 0x000000070d800000, 0x000000070da00000|  0%| F|  |TAMS 0x000000070d800000| PB 0x000000070d800000| Untracked |  0
|  77|0x000000070da00000, 0x000000070da00000, 0x000000070dc00000|  0%| F|  |TAMS 0x000000070da00000| PB 0x000000070da00000| Untracked |  0
|  78|0x000000070dc00000, 0x000000070dc00000, 0x000000070de00000|  0%| F|  |TAMS 0x000000070dc00000| PB 0x000000070dc00000| Untracked |  0
|  79|0x000000070de00000, 0x000000070de00000, 0x000000070e000000|  0%| F|  |TAMS 0x000000070de00000| PB 0x000000070de00000| Untracked |  0
|  80|0x000000070e000000, 0x000000070e000000, 0x000000070e200000|  0%| F|  |TAMS 0x000000070e000000| PB 0x000000070e000000| Untracked |  0
|  81|0x000000070e200000, 0x000000070e200000, 0x000000070e400000|  0%| F|  |TAMS 0x000000070e200000| PB 0x000000070e200000| Untracked |  0
|  82|0x000000070e400000, 0x000000070e400000, 0x000000070e600000|  0%| F|  |TAMS 0x000000070e400000| PB 0x000000070e400000| Untracked |  0
|  83|0x000000070e600000, 0x000000070e600000, 0x000000070e800000|  0%| F|  |TAMS 0x000000070e600000| PB 0x000000070e600000| Untracked |  0
|  84|0x000000070e800000, 0x000000070e800000, 0x000000070ea00000|  0%| F|  |TAMS 0x000000070e800000| PB 0x000000070e800000| Untracked |  0
|  85|0x000000070ea00000, 0x000000070ea00000, 0x000000070ec00000|  0%| F|  |TAMS 0x000000070ea00000| PB 0x000000070ea00000| Untracked |  0
|  86|0x000000070ec00000, 0x000000070ec00000, 0x000000070ee00000|  0%| F|  |TAMS 0x000000070ec00000| PB 0x000000070ec00000| Untracked |  0
|  87|0x000000070ee00000, 0x000000070ee00000, 0x000000070f000000|  0%| F|  |TAMS 0x000000070ee00000| PB 0x000000070ee00000| Untracked |  0
|  88|0x000000070f000000, 0x000000070f000000, 0x000000070f200000|  0%| F|  |TAMS 0x000000070f000000| PB 0x000000070f000000| Untracked |  0
|  89|0x000000070f200000, 0x000000070f200000, 0x000000070f400000|  0%| F|  |TAMS 0x000000070f200000| PB 0x000000070f200000| Untracked |  0
|  90|0x000000070f400000, 0x000000070f400000, 0x000000070f600000|  0%| F|  |TAMS 0x000000070f400000| PB 0x000000070f400000| Untracked |  0
|  91|0x000000070f600000, 0x000000070f600000, 0x000000070f800000|  0%| F|  |TAMS 0x000000070f600000| PB 0x000000070f600000| Untracked |  0
|  92|0x000000070f800000, 0x000000070f800000, 0x000000070fa00000|  0%| F|  |TAMS 0x000000070f800000| PB 0x000000070f800000| Untracked |  0
|  93|0x000000070fa00000, 0x000000070fa00000, 0x000000070fc00000|  0%| F|  |TAMS 0x000000070fa00000| PB 0x000000070fa00000| Untracked |  0
|  94|0x000000070fc00000, 0x000000070fc00000, 0x000000070fe00000|  0%| F|  |TAMS 0x000000070fc00000| PB 0x000000070fc00000| Untracked |  0
|  95|0x000000070fe00000, 0x000000070fe00000, 0x0000000710000000|  0%| F|  |TAMS 0x000000070fe00000| PB 0x000000070fe00000| Untracked |  0
|  96|0x0000000710000000, 0x0000000710000000, 0x0000000710200000|  0%| F|  |TAMS 0x0000000710000000| PB 0x0000000710000000| Untracked |  0
|  97|0x0000000710200000, 0x0000000710200000, 0x0000000710400000|  0%| F|  |TAMS 0x0000000710200000| PB 0x0000000710200000| Untracked |  0
|  98|0x0000000710400000, 0x0000000710400000, 0x0000000710600000|  0%| F|  |TAMS 0x0000000710400000| PB 0x0000000710400000| Untracked |  0
|  99|0x0000000710600000, 0x0000000710600000, 0x0000000710800000|  0%| F|  |TAMS 0x0000000710600000| PB 0x0000000710600000| Untracked |  0
| 100|0x0000000710800000, 0x0000000710800000, 0x0000000710a00000|  0%| F|  |TAMS 0x0000000710800000| PB 0x0000000710800000| Untracked |  0
| 101|0x0000000710a00000, 0x0000000710a00000, 0x0000000710c00000|  0%| F|  |TAMS 0x0000000710a00000| PB 0x0000000710a00000| Untracked |  0
| 102|0x0000000710c00000, 0x0000000710c00000, 0x0000000710e00000|  0%| F|  |TAMS 0x0000000710c00000| PB 0x0000000710c00000| Untracked |  0
| 103|0x0000000710e00000, 0x0000000710e00000, 0x0000000711000000|  0%| F|  |TAMS 0x0000000710e00000| PB 0x0000000710e00000| Untracked |  0
| 104|0x0000000711000000, 0x0000000711000000, 0x0000000711200000|  0%| F|  |TAMS 0x0000000711000000| PB 0x0000000711000000| Untracked |  0
| 105|0x0000000711200000, 0x0000000711200000, 0x0000000711400000|  0%| F|  |TAMS 0x0000000711200000| PB 0x0000000711200000| Untracked |  0
| 106|0x0000000711400000, 0x0000000711400000, 0x0000000711600000|  0%| F|  |TAMS 0x0000000711400000| PB 0x0000000711400000| Untracked |  0
| 107|0x0000000711600000, 0x0000000711600000, 0x0000000711800000|  0%| F|  |TAMS 0x0000000711600000| PB 0x0000000711600000| Untracked |  0
| 108|0x0000000711800000, 0x0000000711800000, 0x0000000711a00000|  0%| F|  |TAMS 0x0000000711800000| PB 0x0000000711800000| Untracked |  0
| 109|0x0000000711a00000, 0x0000000711a00000, 0x0000000711c00000|  0%| F|  |TAMS 0x0000000711a00000| PB 0x0000000711a00000| Untracked |  0
| 110|0x0000000711c00000, 0x0000000711c00000, 0x0000000711e00000|  0%| F|  |TAMS 0x0000000711c00000| PB 0x0000000711c00000| Untracked |  0
| 111|0x0000000711e00000, 0x0000000711e00000, 0x0000000712000000|  0%| F|  |TAMS 0x0000000711e00000| PB 0x0000000711e00000| Untracked |  0
| 112|0x0000000712000000, 0x0000000712000000, 0x0000000712200000|  0%| F|  |TAMS 0x0000000712000000| PB 0x0000000712000000| Untracked |  0
| 113|0x0000000712200000, 0x0000000712200000, 0x0000000712400000|  0%| F|  |TAMS 0x0000000712200000| PB 0x0000000712200000| Untracked |  0
| 114|0x0000000712400000, 0x0000000712400000, 0x0000000712600000|  0%| F|  |TAMS 0x0000000712400000| PB 0x0000000712400000| Untracked |  0
| 115|0x0000000712600000, 0x0000000712600000, 0x0000000712800000|  0%| F|  |TAMS 0x0000000712600000| PB 0x0000000712600000| Untracked |  0
| 116|0x0000000712800000, 0x0000000712800000, 0x0000000712a00000|  0%| F|  |TAMS 0x0000000712800000| PB 0x0000000712800000| Untracked |  0
| 117|0x0000000712a00000, 0x0000000712a00000, 0x0000000712c00000|  0%| F|  |TAMS 0x0000000712a00000| PB 0x0000000712a00000| Untracked |  0
| 118|0x0000000712c00000, 0x0000000712c00000, 0x0000000712e00000|  0%| F|  |TAMS 0x0000000712c00000| PB 0x0000000712c00000| Untracked |  0
| 119|0x0000000712e00000, 0x0000000712e00000, 0x0000000713000000|  0%| F|  |TAMS 0x0000000712e00000| PB 0x0000000712e00000| Untracked |  0
| 120|0x0000000713000000, 0x000000071307ae28, 0x0000000713200000| 24%| E|  |TAMS 0x0000000713000000| PB 0x0000000713000000| Complete |  0
| 121|0x0000000713200000, 0x0000000713400000, 0x0000000713400000|100%| E|CS|TAMS 0x0000000713200000| PB 0x0000000713200000| Complete |  0
| 122|0x0000000713400000, 0x0000000713600000, 0x0000000713600000|100%| E|CS|TAMS 0x0000000713400000| PB 0x0000000713400000| Complete |  0
| 123|0x0000000713600000, 0x0000000713800000, 0x0000000713800000|100%| E|CS|TAMS 0x0000000713600000| PB 0x0000000713600000| Complete |  0
| 124|0x0000000713800000, 0x0000000713a00000, 0x0000000713a00000|100%| E|CS|TAMS 0x0000000713800000| PB 0x0000000713800000| Complete |  0
| 125|0x0000000713a00000, 0x0000000713c00000, 0x0000000713c00000|100%| E|CS|TAMS 0x0000000713a00000| PB 0x0000000713a00000| Complete |  0

Card table byte_map: [0x00000245e65a0000,0x00000245e6d80000] _byte_map_base: 0x00000245e2d80000

Marking Bits: (CMBitMap*) 0x00000245d2c52af0
 Bits: [0x00000245e6d80000, 0x00000245eac80000)

Polling page: 0x00000245cfef0000

Metaspace:

Usage:
  Non-class:      1.48 MB used.
      Class:    185.34 KB used.
       Both:      1.67 MB used.

Virtual space:
  Non-class space:       64.00 MB reserved,       1.56 MB (  2%) committed,  1 nodes.
      Class space:        1.00 GB reserved,     256.00 KB ( <1%) committed,  1 nodes.
             Both:        1.06 GB reserved,       1.81 MB ( <1%) committed. 

Chunk freelists:
   Non-Class:  11.53 MB
       Class:  15.65 MB
        Both:  27.18 MB

MaxMetaspaceSize: unlimited
CompressedClassSpaceSize: 1.00 GB
Initial GC threshold: 21.00 MB
Current GC threshold: 21.00 MB
CDS: on
 - commit_granule_bytes: 65536.
 - commit_granule_words: 8192.
 - virtual_space_node_default_size: 8388608.
 - enlarge_chunks_in_place: 1.
 - use_allocation_guard: 0.


Internal statistics:

num_allocs_failed_limit: 0.
num_arena_births: 82.
num_arena_deaths: 0.
num_vsnodes_births: 2.
num_vsnodes_deaths: 0.
num_space_committed: 29.
num_space_uncommitted: 0.
num_chunks_returned_to_freelist: 0.
num_chunks_taken_from_freelist: 115.
num_chunk_merges: 0.
num_chunk_splits: 75.
num_chunks_enlarged: 40.
num_inconsistent_stats: 0.

CodeHeap 'non-profiled nmethods': size=120064Kb used=232Kb max_used=232Kb free=119832Kb
 bounds [0x00000245de540000, 0x00000245de7b0000, 0x00000245e5a80000]
CodeHeap 'profiled nmethods': size=120000Kb used=615Kb max_used=615Kb free=119384Kb
 bounds [0x00000245d6a80000, 0x00000245d6cf0000, 0x00000245ddfb0000]
CodeHeap 'non-nmethods': size=5696Kb used=1423Kb max_used=1438Kb free=4272Kb
 bounds [0x00000245ddfb0000, 0x00000245de220000, 0x00000245de540000]
CodeCache: size=245760Kb, used=2270Kb, max_used=2285Kb, free=243488Kb
 total_blobs=1050, nmethods=609, adapters=347, full_count=0
Compilation: enabled, stopped_count=0, restarted_count=0

Compilation events (20 events):
Event: 11.703 Thread 0x00000245c504f620  594       3       java.lang.invoke.LambdaForm$Name::<init> (66 bytes)
Event: 11.703 Thread 0x00000245c504f620 nmethod 594 0x00000245d6b14088 code [0x00000245d6b141c0, 0x00000245d6b14498]
Event: 11.703 Thread 0x00000245c504f620  588       3       java.lang.invoke.LambdaForm$NamedFunction::methodType (28 bytes)
Event: 11.703 Thread 0x00000245c504f620 nmethod 588 0x00000245d6b14508 code [0x00000245d6b14640, 0x00000245d6b14960]
Event: 11.703 Thread 0x00000245c504f620  593       3       java.lang.invoke.MemberName::ensureTypeVisible (180 bytes)
Event: 11.705 Thread 0x00000245c504f620 nmethod 593 0x00000245d6b14988 code [0x00000245d6b14d60, 0x00000245d6b16948]
Event: 11.705 Thread 0x00000245c504f620  603       3       java.lang.invoke.LambdaForm$Name::useCount (51 bytes)
Event: 11.705 Thread 0x00000245c504f620 nmethod 603 0x00000245d6b16a08 code [0x00000245d6b16b40, 0x00000245d6b16d90]
Event: 11.705 Thread 0x00000245c504f620  602       3       sun.invoke.util.VerifyType::isNullConversion (157 bytes)
Event: 11.706 Thread 0x00000245c504f620 nmethod 602 0x00000245d6b16e08 code [0x00000245d6b170c0, 0x00000245d6b18468]
Event: 11.706 Thread 0x00000245c504f620  601       3       java.util.Arrays::copyOf (40 bytes)
Event: 11.706 Thread 0x00000245c504f620 nmethod 601 0x00000245d6b18508 code [0x00000245d6b18680, 0x00000245d6b18d10]
Event: 11.706 Thread 0x00000245c504f620  596       1       java.util.ArrayList::size (5 bytes)
Event: 11.706 Thread 0x00000245c504f620 nmethod 596 0x00000245de578d88 code [0x00000245de578ea0, 0x00000245de578f68]
Event: 11.706 Thread 0x00000245c504f620  595       1       jdk.internal.org.objectweb.asm.MethodWriter::hasAsmInstructions (5 bytes)
Event: 11.706 Thread 0x00000245c504f620 nmethod 595 0x00000245de579088 code [0x00000245de5791a0, 0x00000245de579270]
Event: 11.711 Thread 0x00000245c504f620  606       3       java.util.HashSet::contains (9 bytes)
Event: 11.711 Thread 0x00000245c504f620 nmethod 606 0x00000245d6b18d88 code [0x00000245d6b18ec0, 0x00000245d6b19138]
Event: 11.711 Thread 0x00000245c504f620  607       3       java.lang.StringConcatHelper::newArray (40 bytes)
Event: 11.712 Thread 0x00000245c504f620 nmethod 607 0x00000245d6b19188 code [0x00000245d6b192c0, 0x00000245d6b195d0]

GC Heap History (0 events):
No events

Dll operation events (11 events):
Event: 0.021 Loaded shared library C:\Users\ARUNA S\.p2\pool\plugins\org.eclipse.justj.openjdk.hotspot.jre.full.win32.x86_64_23.0.1.v20241024-1700\jre\bin\java.dll
Event: 2.504 Loaded shared library C:\Users\ARUNA S\.p2\pool\plugins\org.eclipse.justj.openjdk.hotspot.jre.full.win32.x86_64_23.0.1.v20241024-1700\jre\bin\net.dll
Event: 2.507 Loaded shared library C:\Users\ARUNA S\.p2\pool\plugins\org.eclipse.justj.openjdk.hotspot.jre.full.win32.x86_64_23.0.1.v20241024-1700\jre\bin\nio.dll
Event: 2.508 Loaded shared library C:\Users\ARUNA S\.p2\pool\plugins\org.eclipse.justj.openjdk.hotspot.jre.full.win32.x86_64_23.0.1.v20241024-1700\jre\bin\zip.dll
Event: 3.531 Loaded shared library C:\Users\ARUNA S\.p2\pool\plugins\org.eclipse.justj.openjdk.hotspot.jre.full.win32.x86_64_23.0.1.v20241024-1700\jre\bin\zip.dll
Event: 11.708 Loaded shared library C:\Users\ARUNA S\Downloads\openjfx-23.0.2_windows-x64_bin-sdk\javafx-sdk-23.0.2\bin\api-ms-win-core-console-l1-1-0.dll
Event: 11.710 Loaded shared library C:\Users\ARUNA S\Downloads\openjfx-23.0.2_windows-x64_bin-sdk\javafx-sdk-23.0.2\bin\api-ms-win-core-console-l1-2-0.dll
Event: 11.711 Loaded shared library C:\Users\ARUNA S\Downloads\openjfx-23.0.2_windows-x64_bin-sdk\javafx-sdk-23.0.2\bin\api-ms-win-core-datetime-l1-1-0.dll
Event: 11.713 Loaded shared library C:\Users\ARUNA S\Downloads\openjfx-23.0.2_windows-x64_bin-sdk\javafx-sdk-23.0.2\bin\api-ms-win-core-debug-l1-1-0.dll
Event: 11.714 Loaded shared library C:\Users\ARUNA S\Downloads\openjfx-23.0.2_windows-x64_bin-sdk\javafx-sdk-23.0.2\bin\api-ms-win-core-errorhandling-l1-1-0.dll
Event: 11.715 Loaded shared library C:\Users\ARUNA S\Downloads\openjfx-23.0.2_windows-x64_bin-sdk\javafx-sdk-23.0.2\bin\api-ms-win-core-file-l1-1-0.dll

Deoptimization events (20 events):
Event: 8.609 Thread 0x00000245cfb25ff0 Uncommon trap: trap_request=0xffffff45 fr.pc=0x00000245de554acc relative=0x00000000000006cc
Event: 8.609 Thread 0x00000245cfb25ff0 Uncommon trap: reason=unstable_if action=reinterpret pc=0x00000245de554acc method=java.util.ImmutableCollections$SetN.probe(Ljava/lang/Object;)I @ 34 c2
Event: 8.609 Thread 0x00000245cfb25ff0 DEOPT PACKING pc=0x00000245de554acc sp=0x00000067d4eff1b0
Event: 8.609 Thread 0x00000245cfb25ff0 DEOPT UNPACKING pc=0x00000245de007982 sp=0x00000067d4eff150 mode 2
Event: 8.612 Thread 0x00000245cfb25ff0 Uncommon trap: trap_request=0xffffff45 fr.pc=0x00000245de559408 relative=0x0000000000000648
Event: 8.612 Thread 0x00000245cfb25ff0 Uncommon trap: reason=unstable_if action=reinterpret pc=0x00000245de559408 method=java.lang.StringLatin1.newString([BII)Ljava/lang/String; @ 1 c2
Event: 8.612 Thread 0x00000245cfb25ff0 DEOPT PACKING pc=0x00000245de559408 sp=0x00000067d4eff000
Event: 8.612 Thread 0x00000245cfb25ff0 DEOPT UNPACKING pc=0x00000245de007982 sp=0x00000067d4efef60 mode 2
Event: 8.612 Thread 0x00000245cfb25ff0 Uncommon trap: trap_request=0xffffff45 fr.pc=0x00000245de558b04 relative=0x0000000000000544
Event: 11.613 Thread 0x00000245cfb25ff0 Uncommon trap: reason=unstable_if action=reinterpret pc=0x00000245de558b04 method=java.lang.StringLatin1.newString([BII)Ljava/lang/String; @ 1 c2
Event: 11.613 Thread 0x00000245cfb25ff0 DEOPT PACKING pc=0x00000245de558b04 sp=0x00000067d4efef80
Event: 11.613 Thread 0x00000245cfb25ff0 DEOPT UNPACKING pc=0x00000245de007982 sp=0x00000067d4efef60 mode 2
Event: 11.618 Thread 0x00000245cfb25ff0 Uncommon trap: trap_request=0xffffff45 fr.pc=0x00000245de55095c relative=0x000000000000005c
Event: 11.618 Thread 0x00000245cfb25ff0 Uncommon trap: reason=unstable_if action=reinterpret pc=0x00000245de55095c method=java.lang.String.isLatin1()Z @ 10 c2
Event: 11.618 Thread 0x00000245cfb25ff0 DEOPT PACKING pc=0x00000245de55095c sp=0x00000067d4efeb00
Event: 11.618 Thread 0x00000245cfb25ff0 DEOPT UNPACKING pc=0x00000245de007982 sp=0x00000067d4efea90 mode 2
Event: 11.618 Thread 0x00000245cfb25ff0 Uncommon trap: trap_request=0xffffff45 fr.pc=0x00000245de548ad4 relative=0x00000000000000b4
Event: 11.618 Thread 0x00000245cfb25ff0 Uncommon trap: reason=unstable_if action=reinterpret pc=0x00000245de548ad4 method=java.lang.String.isLatin1()Z @ 10 c2
Event: 11.618 Thread 0x00000245cfb25ff0 DEOPT PACKING pc=0x00000245de548ad4 sp=0x00000067d4eff460
Event: 11.618 Thread 0x00000245cfb25ff0 DEOPT UNPACKING pc=0x00000245de007982 sp=0x00000067d4eff3a0 mode 2

Classes loaded (20 events):
Event: 11.689 Loading class java/security/GeneralSecurityException done
Event: 11.689 Loading class java/security/NoSuchAlgorithmException done
Event: 11.690 Loading class java/lang/StackWalker$Option
Event: 11.690 Loading class java/lang/StackWalker$Option done
Event: 11.691 Loading class java/lang/StackStreamFactory
Event: 11.691 Loading class java/lang/StackStreamFactory done
Event: 11.691 Loading class java/lang/StackStreamFactory$CallerClassFinder
Event: 11.691 Loading class java/lang/StackStreamFactory$CallerClassFinder done
Event: 11.691 Loading class java/lang/StackWalker$ExtendedOption
Event: 11.691 Loading class java/lang/StackWalker$ExtendedOption done
Event: 11.691 Loading class java/lang/StackStreamFactory$WalkerState
Event: 11.691 Loading class java/lang/StackStreamFactory$WalkerState done
Event: 11.691 Loading class java/lang/StackStreamFactory$ClassFrameBuffer
Event: 11.691 Loading class java/lang/StackStreamFactory$StackFrameBuffer
Event: 11.691 Loading class java/lang/StackStreamFactory$FrameBuffer
Event: 11.691 Loading class java/lang/StackStreamFactory$FrameBuffer done
Event: 11.691 Loading class java/lang/StackStreamFactory$StackFrameBuffer done
Event: 11.691 Loading class java/lang/StackStreamFactory$ClassFrameBuffer done
Event: 11.699 Loading class sun/nio/cs/UTF_8$Decoder
Event: 11.699 Loading class sun/nio/cs/UTF_8$Decoder done

Classes unloaded (0 events):
No events

Classes redefined (0 events):
No events

Internal exceptions (5 events):
Event: 3.520 Thread 0x00000245cfb25ff0 Exception <a 'java/lang/NoSuchMethodError'{0x0000000713bafb38}: 'void java.lang.invoke.DirectMethodHandle$Holder.invokeVirtual(java.lang.Object, java.lang.Object)'> (0x0000000713bafb38) 
thrown [s\src\hotspot\share\interpreter\linkResolver.cpp, line 796]
Event: 3.521 Thread 0x00000245cfb25ff0 Exception <a 'java/lang/NoSuchMethodError'{0x0000000713bbb050}: 'java.lang.Object java.lang.invoke.DirectMethodHandle$Holder.invokeInterface(java.lang.Object, java.lang.Object, java.lang.Object)'> (0x0000000713bbb050) 
thrown [s\src\hotspot\share\interpreter\linkResolver.cpp, line 796]
Event: 11.649 Thread 0x00000245cfb25ff0 Exception <a 'java/lang/NoSuchMethodError'{0x00000007135e7258}: 'void java.lang.invoke.DirectMethodHandle$Holder.invokeStatic(java.lang.Object, java.lang.Object, java.lang.Object, java.lang.Object)'> (0x00000007135e7258) 
thrown [s\src\hotspot\share\interpreter\linkResolver.cpp, line 796]
Event: 11.650 Thread 0x00000245cfb25ff0 Exception <a 'java/lang/NoSuchMethodError'{0x00000007135eaf78}: 'void java.lang.invoke.DirectMethodHandle$Holder.invokeSpecial(java.lang.Object, java.lang.Object, java.lang.Object, java.lang.Object, java.lang.Object)'> (0x00000007135eaf78) 
thrown [s\src\hotspot\share\interpreter\linkResolver.cpp, line 796]
Event: 11.656 Thread 0x00000245cfb25ff0 Exception <a 'java/lang/NoSuchMethodError'{0x0000000713211970}: 'void java.lang.invoke.DirectMethodHandle$Holder.invokeStatic(java.lang.Object, java.lang.Object)'> (0x0000000713211970) 
thrown [s\src\hotspot\share\interpreter\linkResolver.cpp, line 796]

VM Operations (2 events):
Event: 8.607 Executing VM operation: HandshakeAllThreads (Deoptimize)
Event: 8.607 Executing VM operation: HandshakeAllThreads (Deoptimize) done

Memory protections (0 events):
No events

Nmethod flushes (0 events):
No events

Events (13 events):
Event: 2.466 Thread 0x00000245cfb25ff0 Thread added: 0x00000245cfb25ff0
Event: 2.478 Thread 0x00000245cfb25ff0 Thread added: 0x00000245c501bc70
Event: 2.478 Thread 0x00000245cfb25ff0 Thread added: 0x00000245c501c7d0
Event: 2.479 Thread 0x00000245cfb25ff0 Thread added: 0x00000245c501fcb0
Event: 2.479 Thread 0x00000245cfb25ff0 Thread added: 0x00000245c5021a10
Event: 2.479 Thread 0x00000245cfb25ff0 Thread added: 0x00000245c50237b0
Event: 2.479 Thread 0x00000245cfb25ff0 Thread added: 0x00000245c50290a0
Event: 2.479 Thread 0x00000245cfb25ff0 Thread added: 0x00000245c504be10
Event: 2.479 Thread 0x00000245cfb25ff0 Thread added: 0x00000245c504f620
Event: 2.496 Thread 0x00000245cfb25ff0 Thread added: 0x00000245c5140ed0
Event: 3.553 Thread 0x00000245c504be10 Thread added: 0x00000245c517b2c0
Event: 3.557 Thread 0x00000245c504f620 Thread added: 0x00000245c52439e0
Event: 11.618 Thread 0x00000245cfb25ff0 Thread added: 0x00000245c5f62ab0


Dynamic libraries:
0x00007ff61c4c0000 - 0x00007ff61c4ce000 	C:\Users\ARUNA S\.p2\pool\plugins\org.eclipse.justj.openjdk.hotspot.jre.full.win32.x86_64_23.0.1.v20241024-1700\jre\bin\javaw.exe
0x00007ff964280000 - 0x00007ff9644e3000 	C:\WINDOWS\SYSTEM32\ntdll.dll
0x00007ff963b30000 - 0x00007ff963bf7000 	C:\WINDOWS\System32\KERNEL32.DLL
0x00007ff9619b0000 - 0x00007ff961d79000 	C:\WINDOWS\System32\KERNELBASE.dll
0x00007ff93eea0000 - 0x00007ff93ef7c000 	C:\Program Files\Bitdefender\Bitdefender Security\bdhkm\dlls_267567815791800685\bdhkm64.dll
0x00007ff93ecd0000 - 0x00007ff93ee95000 	C:\Program Files\Bitdefender\Bitdefender Security\atcuf\dlls_267673641727572903\atcuf64.dll
0x00007ff961860000 - 0x00007ff9619ac000 	C:\WINDOWS\System32\ucrtbase.dll
0x00007ff93f4d0000 - 0x00007ff93f4e7000 	C:\Users\ARUNA S\.p2\pool\plugins\org.eclipse.justj.openjdk.hotspot.jre.full.win32.x86_64_23.0.1.v20241024-1700\jre\bin\jli.dll
0x00007ff962e40000 - 0x00007ff96300a000 	C:\WINDOWS\System32\USER32.dll
0x00007ff961f00000 - 0x00007ff961f27000 	C:\WINDOWS\System32\win32u.dll
0x00007ff9620a0000 - 0x00007ff9620ca000 	C:\WINDOWS\System32\GDI32.dll
0x00007ff961720000 - 0x00007ff961851000 	C:\WINDOWS\System32\gdi32full.dll
0x00007ff961540000 - 0x00007ff9615e3000 	C:\WINDOWS\System32\msvcp_win.dll
0x00007ff93f230000 - 0x00007ff93f24e000 	C:\Users\ARUNA S\.p2\pool\plugins\org.eclipse.justj.openjdk.hotspot.jre.full.win32.x86_64_23.0.1.v20241024-1700\jre\bin\VCRUNTIME140.dll
0x00007ff92ca50000 - 0x00007ff92cce0000 	C:\WINDOWS\WinSxS\amd64_microsoft.windows.common-controls_6595b64144ccf1df_6.0.26100.3323_none_3e088096e3344490\COMCTL32.dll
0x00007ff9620d0000 - 0x00007ff962179000 	C:\WINDOWS\System32\msvcrt.dll
0x00007ff963880000 - 0x00007ff9638af000 	C:\WINDOWS\System32\IMM32.DLL
0x00007ff941b50000 - 0x00007ff941b5c000 	C:\Users\ARUNA S\.p2\pool\plugins\org.eclipse.justj.openjdk.hotspot.jre.full.win32.x86_64_23.0.1.v20241024-1700\jre\bin\vcruntime140_1.dll
0x00007ff905690000 - 0x00007ff90571d000 	C:\Users\ARUNA S\.p2\pool\plugins\org.eclipse.justj.openjdk.hotspot.jre.full.win32.x86_64_23.0.1.v20241024-1700\jre\bin\msvcp140.dll
0x00007ff86cd20000 - 0x00007ff86daed000 	C:\Users\ARUNA S\.p2\pool\plugins\org.eclipse.justj.openjdk.hotspot.jre.full.win32.x86_64_23.0.1.v20241024-1700\jre\bin\server\jvm.dll
0x00007ff9639e0000 - 0x00007ff963a92000 	C:\WINDOWS\System32\ADVAPI32.dll
0x00007ff9622e0000 - 0x00007ff962386000 	C:\WINDOWS\System32\sechost.dll
0x00007ff962cc0000 - 0x00007ff962dd6000 	C:\WINDOWS\System32\RPCRT4.dll
0x00007ff963c20000 - 0x00007ff963c94000 	C:\WINDOWS\System32\WS2_32.dll
0x00007ff9600f0000 - 0x00007ff96013e000 	C:\WINDOWS\SYSTEM32\POWRPROF.dll
0x00007ff95b890000 - 0x00007ff95b8c6000 	C:\WINDOWS\SYSTEM32\WINMM.dll
0x00007ff9556c0000 - 0x00007ff9556cb000 	C:\WINDOWS\SYSTEM32\VERSION.dll
0x00007ff9600d0000 - 0x00007ff9600e4000 	C:\WINDOWS\SYSTEM32\UMPDC.dll
0x00007ff960390000 - 0x00007ff9603aa000 	C:\WINDOWS\SYSTEM32\kernel.appcore.dll
0x00007ff956e80000 - 0x00007ff956e8a000 	C:\Users\ARUNA S\.p2\pool\plugins\org.eclipse.justj.openjdk.hotspot.jre.full.win32.x86_64_23.0.1.v20241024-1700\jre\bin\jimage.dll
0x00007ff95ed70000 - 0x00007ff95efb1000 	C:\WINDOWS\SYSTEM32\DBGHELP.DLL
0x00007ff963d50000 - 0x00007ff9640d2000 	C:\WINDOWS\System32\combase.dll
0x00007ff962200000 - 0x00007ff9622d6000 	C:\WINDOWS\System32\OLEAUT32.dll
0x00007ff95b850000 - 0x00007ff95b889000 	C:\WINDOWS\SYSTEM32\dbgcore.DLL
0x00007ff9615f0000 - 0x00007ff961689000 	C:\WINDOWS\System32\bcryptPrimitives.dll
0x00007ff930190000 - 0x00007ff9301ae000 	C:\Users\ARUNA S\.p2\pool\plugins\org.eclipse.justj.openjdk.hotspot.jre.full.win32.x86_64_23.0.1.v20241024-1700\jre\bin\java.dll
0x00007ff963600000 - 0x00007ff963795000 	C:\WINDOWS\System32\ole32.dll
0x00007ff9625a0000 - 0x00007ff962cb5000 	C:\WINDOWS\System32\SHELL32.dll
0x00007ff961f30000 - 0x00007ff962098000 	C:\WINDOWS\System32\wintypes.dll
0x00007ff95f150000 - 0x00007ff95f995000 	C:\WINDOWS\SYSTEM32\windows.storage.dll
0x00007ff963510000 - 0x00007ff9635fb000 	C:\WINDOWS\System32\SHCORE.dll
0x00007ff963820000 - 0x00007ff96387d000 	C:\WINDOWS\System32\shlwapi.dll
0x00007ff961390000 - 0x00007ff9613bf000 	C:\WINDOWS\SYSTEM32\profapi.dll
0x00007ff949ff0000 - 0x00007ff94a000000 	C:\Users\ARUNA S\.p2\pool\plugins\org.eclipse.justj.openjdk.hotspot.jre.full.win32.x86_64_23.0.1.v20241024-1700\jre\bin\net.dll
0x00007ff9608d0000 - 0x00007ff96093a000 	C:\WINDOWS\system32\mswsock.dll
0x00007ff92c670000 - 0x00007ff92c686000 	C:\Users\ARUNA S\.p2\pool\plugins\org.eclipse.justj.openjdk.hotspot.jre.full.win32.x86_64_23.0.1.v20241024-1700\jre\bin\nio.dll
0x00007ff92c800000 - 0x00007ff92c817000 	C:\Users\ARUNA S\.p2\pool\plugins\org.eclipse.justj.openjdk.hotspot.jre.full.win32.x86_64_23.0.1.v20241024-1700\jre\bin\zip.dll
0x00000245c7d00000 - 0x00000245c7d03000 	C:\Users\ARUNA S\Downloads\openjfx-23.0.2_windows-x64_bin-sdk\javafx-sdk-23.0.2\bin\api-ms-win-core-console-l1-1-0.dll
0x00000245c7d10000 - 0x00000245c7d13000 	C:\Users\ARUNA S\Downloads\openjfx-23.0.2_windows-x64_bin-sdk\javafx-sdk-23.0.2\bin\api-ms-win-core-console-l1-2-0.dll
0x00000245c7d20000 - 0x00000245c7d23000 	C:\Users\ARUNA S\Downloads\openjfx-23.0.2_windows-x64_bin-sdk\javafx-sdk-23.0.2\bin\api-ms-win-core-datetime-l1-1-0.dll
0x00000245c7d30000 - 0x00000245c7d33000 	C:\Users\ARUNA S\Downloads\openjfx-23.0.2_windows-x64_bin-sdk\javafx-sdk-23.0.2\bin\api-ms-win-core-debug-l1-1-0.dll
0x00000245c7d40000 - 0x00000245c7d43000 	C:\Users\ARUNA S\Downloads\openjfx-23.0.2_windows-x64_bin-sdk\javafx-sdk-23.0.2\bin\api-ms-win-core-errorhandling-l1-1-0.dll
0x00000245c7d50000 - 0x00000245c7d54000 	C:\Users\ARUNA S\Downloads\openjfx-23.0.2_windows-x64_bin-sdk\javafx-sdk-23.0.2\bin\api-ms-win-core-file-l1-1-0.dll
0x00000245c7d60000 - 0x00000245c7d63000 	C:\Users\ARUNA S\Downloads\openjfx-23.0.2_windows-x64_bin-sdk\javafx-sdk-23.0.2\bin\api-ms-win-core-file-l1-2-0.dll
0x00000245c7d70000 - 0x00000245c7d73000 	C:\Users\ARUNA S\Downloads\openjfx-23.0.2_windows-x64_bin-sdk\javafx-sdk-23.0.2\bin\api-ms-win-core-file-l2-1-0.dll
0x00000245c7d80000 - 0x00000245c7d83000 	C:\Users\ARUNA S\Downloads\openjfx-23.0.2_windows-x64_bin-sdk\javafx-sdk-23.0.2\bin\api-ms-win-core-handle-l1-1-0.dll
0x00000245c7d90000 - 0x00000245c7d93000 	C:\Users\ARUNA S\Downloads\openjfx-23.0.2_windows-x64_bin-sdk\javafx-sdk-23.0.2\bin\api-ms-win-core-heap-l1-1-0.dll
0x00000245c7da0000 - 0x00000245c7da3000 	C:\Users\ARUNA S\Downloads\openjfx-23.0.2_windows-x64_bin-sdk\javafx-sdk-23.0.2\bin\api-ms-win-core-interlocked-l1-1-0.dll
0x00000245c7db0000 - 0x00000245c7db3000 	C:\Users\ARUNA S\Downloads\openjfx-23.0.2_windows-x64_bin-sdk\javafx-sdk-23.0.2\bin\api-ms-win-core-libraryloader-l1-1-0.dll
0x00000245c7dc0000 - 0x00000245c7dc3000 	C:\Users\ARUNA S\Downloads\openjfx-23.0.2_windows-x64_bin-sdk\javafx-sdk-23.0.2\bin\api-ms-win-core-localization-l1-2-0.dll
0x00000245c85d0000 - 0x00000245c85d3000 	C:\Users\ARUNA S\Downloads\openjfx-23.0.2_windows-x64_bin-sdk\javafx-sdk-23.0.2\bin\api-ms-win-core-memory-l1-1-0.dll
0x00000245c7dd0000 - 0x00000245c7dd3000 	C:\Users\ARUNA S\Downloads\openjfx-23.0.2_windows-x64_bin-sdk\javafx-sdk-23.0.2\bin\api-ms-win-core-namedpipe-l1-1-0.dll
0x00000245c7de0000 - 0x00000245c7de3000 	C:\Users\ARUNA S\Downloads\openjfx-23.0.2_windows-x64_bin-sdk\javafx-sdk-23.0.2\bin\api-ms-win-core-processenvironment-l1-1-0.dll
0x00000245c7df0000 - 0x00000245c7df3000 	C:\Users\ARUNA S\Downloads\openjfx-23.0.2_windows-x64_bin-sdk\javafx-sdk-23.0.2\bin\api-ms-win-core-processthreads-l1-1-0.dll
0x00000245c7e00000 - 0x00000245c7e03000 	C:\Users\ARUNA S\Downloads\openjfx-23.0.2_windows-x64_bin-sdk\javafx-sdk-23.0.2\bin\api-ms-win-core-processthreads-l1-1-1.dll
0x00000245c7e10000 - 0x00000245c7e13000 	C:\Users\ARUNA S\Downloads\openjfx-23.0.2_windows-x64_bin-sdk\javafx-sdk-23.0.2\bin\api-ms-win-core-profile-l1-1-0.dll
0x00000245c7e20000 - 0x00000245c7e23000 	C:\Users\ARUNA S\Downloads\openjfx-23.0.2_windows-x64_bin-sdk\javafx-sdk-23.0.2\bin\api-ms-win-core-rtlsupport-l1-1-0.dll
0x00000245c7e30000 - 0x00000245c7e33000 	C:\Users\ARUNA S\Downloads\openjfx-23.0.2_windows-x64_bin-sdk\javafx-sdk-23.0.2\bin\api-ms-win-core-string-l1-1-0.dll
0x00000245c7e40000 - 0x00000245c7e43000 	C:\Users\ARUNA S\Downloads\openjfx-23.0.2_windows-x64_bin-sdk\javafx-sdk-23.0.2\bin\api-ms-win-core-synch-l1-1-0.dll
0x00000245c7e50000 - 0x00000245c7e53000 	C:\Users\ARUNA S\Downloads\openjfx-23.0.2_windows-x64_bin-sdk\javafx-sdk-23.0.2\bin\api-ms-win-core-synch-l1-2-0.dll
0x00000245c7e60000 - 0x00000245c7e63000 	C:\Users\ARUNA S\Downloads\openjfx-23.0.2_windows-x64_bin-sdk\javafx-sdk-23.0.2\bin\api-ms-win-core-sysinfo-l1-1-0.dll
0x00000245c7e70000 - 0x00000245c7e73000 	C:\Users\ARUNA S\Downloads\openjfx-23.0.2_windows-x64_bin-sdk\javafx-sdk-23.0.2\bin\api-ms-win-core-timezone-l1-1-0.dll
0x00000245c7e80000 - 0x00000245c7e83000 	C:\Users\ARUNA S\Downloads\openjfx-23.0.2_windows-x64_bin-sdk\javafx-sdk-23.0.2\bin\api-ms-win-core-util-l1-1-0.dll
0x00000245c7e90000 - 0x00000245c7e93000 	C:\Users\ARUNA S\Downloads\openjfx-23.0.2_windows-x64_bin-sdk\javafx-sdk-23.0.2\bin\api-ms-win-crt-conio-l1-1-0.dll
0x00000245c7ea0000 - 0x00000245c7ea4000 	C:\Users\ARUNA S\Downloads\openjfx-23.0.2_windows-x64_bin-sdk\javafx-sdk-23.0.2\bin\api-ms-win-crt-convert-l1-1-0.dll
0x00000245c7eb0000 - 0x00000245c7eb3000 	C:\Users\ARUNA S\Downloads\openjfx-23.0.2_windows-x64_bin-sdk\javafx-sdk-23.0.2\bin\api-ms-win-crt-environment-l1-1-0.dll
0x00000245c7ec0000 - 0x00000245c7ec3000 	C:\Users\ARUNA S\Downloads\openjfx-23.0.2_windows-x64_bin-sdk\javafx-sdk-23.0.2\bin\api-ms-win-crt-filesystem-l1-1-0.dll

dbghelp: loaded successfully - version: 4.0.5 - missing functions: none
symbol engine: initialized successfully - sym options: 0x614 - pdb path: .;C:\Users\ARUNA S\.p2\pool\plugins\org.eclipse.justj.openjdk.hotspot.jre.full.win32.x86_64_23.0.1.v20241024-1700\jre\bin;C:\WINDOWS\SYSTEM32;C:\Program Files\Bitdefender\Bitdefender Security\bdhkm\dlls_267567815791800685;C:\Program Files\Bitdefender\Bitdefender Security\atcuf\dlls_267673641727572903;C:\WINDOWS\WinSxS\amd64_microsoft.windows.common-controls_6595b64144ccf1df_6.0.26100.3323_none_3e088096e3344490;C:\Users\ARUNA S\.p2\pool\plugins\org.eclipse.justj.openjdk.hotspot.jre.full.win32.x86_64_23.0.1.v20241024-1700\jre\bin\server;C:\Users\ARUNA S\Downloads\openjfx-23.0.2_windows-x64_bin-sdk\javafx-sdk-23.0.2\bin

VM Arguments:
jvm_args: --module-path=C:\Users\ARUNA S\Downloads\openjfx-23.0.2_windows-x64_bin-sdk\javafx-sdk-23.0.2\lib --add-modules=javafx.controls,javafx.fxml -Dfile.encoding=UTF-8 -Dstdout.encoding=UTF-8 -Dstderr.encoding=UTF-8 --module-path=C:\Users\ARUNA S\eclipse-workspace\MyReceipe\bin;C:\Users\ARUNA S\.p2\pool\plugins\org.eclipse.fx.ide.css.jfx8_3.8.0.202204150904.jar;C:\Users\ARUNA S\Downloads\openjfx-23.0.2_windows-x64_bin-sdk\javafx-sdk-23.0.2\lib\javafx.graphics.jar;C:\Users\ARUNA S\Downloads\openjfx-23.0.2_windows-x64_bin-sdk\javafx-sdk-23.0.2\lib\javafx.media.jar;C:\Users\ARUNA S\Downloads\openjfx-23.0.2_windows-x64_bin-sdk\javafx-sdk-23.0.2\lib\javafx.swing.jar;C:\Users\ARUNA S\Downloads\openjfx-23.0.2_windows-x64_bin-sdk\javafx-sdk-23.0.2\lib\javafx.web.jar;C:\Users\ARUNA S\Downloads\openjfx-23.0.2_windows-x64_bin-sdk\javafx-sdk-23.0.2\lib\javafx.base.jar;C:\Users\ARUNA S\Downloads\openjfx-23.0.2_windows-x64_bin-sdk\javafx-sdk-23.0.2\lib\javafx.controls.jar;C:\Users\ARUNA S\Downloads\openjfx-23.0.2_windows-x64_bin-sdk\javafx-sdk-23.0.2\lib\javafx.fxml.jar;C:\Users\ARUNA S\Downloads\openjfx-23.0.2_windows-x64_bin-sdk\javafx-sdk-23.0.2\lib\javafx-swt.jar -Djdk.module.main=MyReceipe 
java_command: MyReceipe/application.Main
java_class_path (initial): <not set>
Launcher Type: SUN_STANDARD

[Global flags]
     intx CICompilerCount                          = 4                                         {product} {ergonomic}
     uint ConcGCThreads                            = 2                                         {product} {ergonomic}
     uint G1ConcRefinementThreads                  = 8                                         {product} {ergonomic}
   size_t G1HeapRegionSize                         = 2097152                                   {product} {ergonomic}
   size_t InitialHeapSize                          = 264241152                                 {product} {ergonomic}
   size_t MarkStackSize                            = 4194304                                   {product} {ergonomic}
   size_t MarkStackSizeMax                         = 536870912                                 {product} {ergonomic}
   size_t MaxHeapSize                              = 4227858432                                {product} {ergonomic}
   size_t MaxNewSize                               = 2535456768                                {product} {ergonomic}
   size_t MinHeapDeltaBytes                        = 2097152                                   {product} {ergonomic}
   size_t MinHeapSize                              = 8388608                                   {product} {ergonomic}
    uintx NonNMethodCodeHeapSize                   = 5832704                                {pd product} {ergonomic}
    uintx NonProfiledCodeHeapSize                  = 122945536                              {pd product} {ergonomic}
    uintx ProfiledCodeHeapSize                     = 122880000                              {pd product} {ergonomic}
    uintx ReservedCodeCacheSize                    = 251658240                              {pd product} {ergonomic}
     bool SegmentedCodeCache                       = true                                      {product} {ergonomic}
   size_t SoftMaxHeapSize                          = 4227858432                             {manageable} {ergonomic}
     bool UseCompressedOops                        = true                           {product lp64_product} {ergonomic}
     bool UseG1GC                                  = true                                      {product} {ergonomic}
     bool UseLargePagesIndividualAllocation        = false                                  {pd product} {ergonomic}

Logging:
Log output configuration:
 #0: stdout all=warning uptime,level,tags foldmultilines=false
 #1: stderr all=off uptime,level,tags foldmultilines=false

Environment Variables:
PATH=C:/Users/ARUNA S/.p2/pool/plugins/org.eclipse.justj.openjdk.hotspot.jre.full.win32.x86_64_23.0.1.v20241024-1700/jre/bin/server;C:/Users/ARUNA S/.p2/pool/plugins/org.eclipse.justj.openjdk.hotspot.jre.full.win32.x86_64_23.0.1.v20241024-1700/jre/bin;C:\Program Files\Common Files\Oracle\Java\javapath;C:\Program Files (x86)\Common Files\Oracle\Java\javapath;C:\WINDOWS\system32;C:\WINDOWS;C:\WINDOWS\System32\Wbem;C:\WINDOWS\System32\WindowsPowerShell\v1.0\;C:\WINDOWS\System32\OpenSSH\;C:\Program Files\Microsoft SQL Server\Client SDK\ODBC\170\Tools\Binn\;C:\Program Files (x86)\Microsoft SQL Server\150\Tools\Binn\;C:\Program Files\Microsoft SQL Server\150\Tools\Binn\;C:\Program Files\Microsoft SQL Server\150\DTS\Binn\;C:\Program Files (x86)\Microsoft SQL Server\150\DTS\Binn\;C:\Program Files\Azure Data Studio\bin;D:\flutter\flutter\bin;C:\Program Files\dotnet\;C:\Program Files\Git\cmd;C:\Program Files\nodejs\;C:\Program Files\apache-maven-3.9.9\bin;;C:\Program Files\Docker\Docker\resources\bin;C:\Program Files\Amazon\AWSCLIV2\;C:\Users\ARUNA S\AppData\Local\Programs\Python\Python310\Scripts\;C:\Users\ARUNA S\AppData\Local\Programs\Python\Python310\;C:\Program Files\MySQL\MySQL Shell 8.0\bin\;C:\Users\ARUNA S\AppData\Local\Microsoft\WindowsApps;C:\Users\ARUNA S\AppData\Local\Programs\Microsoft VS Code\bin;C:\Program Files\JetBrains\IntelliJ IDEA Community Edition 2021.1.2\bin;;C:\Program Files\Azure Data Studio\bin;C:\Program Files (x86)\Nmap;C:\Program Files\sfdx\bin;C:\Users\ARUNA S\AppData\Local\GitHubDesktop\bin;C:\Users\ARUNA S\AppData\Roaming\npm;C:\WINDOWS\system32;
USERNAME=ARUNA S
OS=Windows_NT
PROCESSOR_IDENTIFIER=Intel64 Family 6 Model 140 Stepping 1, GenuineIntel
TMP=C:\Users\ARUNA S\AppData\Local\Temp
TEMP=C:\Users\ARUNA S\AppData\Local\Temp




Periodic native trim disabled

---------------  S Y S T E M  ---------------

OS:
 Windows 11 , 64 bit Build 26100 (10.0.26100.3323)
OS uptime: 4 days 13:01 hours
Hyper-V role detected

CPU: total 8 (initial active 8) (4 cores per cpu, 2 threads per core) family 6 model 140 stepping 1 microcode 0xa4, cx8, cmov, fxsr, ht, mmx, 3dnowpref, sse, sse2, sse3, ssse3, sse4.1, sse4.2, popcnt, lzcnt, tsc, tscinvbit, avx, avx2, aes, erms, clmul, bmi1, bmi2, adx, avx512f, avx512dq, avx512cd, avx512bw, avx512vl, sha, fma, vzeroupper, avx512_vpopcntdq, avx512_vpclmulqdq, avx512_vaes, avx512_vnni, clflush, clflushopt, clwb, avx512_vbmi2, avx512_vbmi, hv, rdtscp, rdpid, fsrm, gfni, avx512_bitalg, f16c, cet_ibt, cet_ss, avx512_ifma
Processor Information for the first 8 processors :
  Max Mhz: 2611, Current Mhz: 2611, Mhz Limit: 2611

Memory: 4k page, system-wide physical 16122M (2582M free)
TotalPageFile size 32372M (AvailPageFile size 2M)
current process WorkingSet (physical memory assigned to process): 74M, peak: 74M
current process commit charge ("private bytes"): 361M, peak: 362M

vm_info: OpenJDK 64-Bit Server VM (23.0.1+11) for windows-amd64 JRE (23.0.1+11), built on 2024-10-15T00:00:00Z with MS VC++ 17.7 (VS2022)

END.
